\BOOKMARK [1][]{toc.1}{Table of contents}{}% 1
\BOOKMARK [0][]{chapter.1}{1 Introduction}{}% 2
\BOOKMARK [1][]{section.1.1}{1.1 Problem definition}{chapter.1}% 3
\BOOKMARK [1][]{section.1.2}{1.2 Motivation}{chapter.1}% 4
\BOOKMARK [1][]{section.1.3}{1.3 Distinction}{chapter.1}% 5
\BOOKMARK [1][]{section.1.4}{1.4 Structure}{chapter.1}% 6
\BOOKMARK [0][]{chapter.2}{2 Background}{}% 7
\BOOKMARK [1][]{section.2.1}{2.1 Fabrik19}{chapter.2}% 8
\BOOKMARK [1][]{section.2.2}{2.2 MOS}{chapter.2}% 9
\BOOKMARK [0][]{chapter.3}{3 Concept}{}% 10
\BOOKMARK [0][]{chapter.4}{4 Implementation}{}% 11
\BOOKMARK [0][]{chapter.5}{5 Evaluation}{}% 12
\BOOKMARK [1][]{section.5.1}{5.1 Analysis}{chapter.5}% 13
\BOOKMARK [2][]{subsection.5.1.1}{5.1.1 Benefits}{section.5.1}% 14
\BOOKMARK [2][]{subsection.5.1.2}{5.1.2 Disadvantages}{section.5.1}% 15
\BOOKMARK [1][]{section.5.2}{5.2 Conclusion}{chapter.5}% 16
\BOOKMARK [0][]{chapter*.3}{Literaturverzeichnis}{}% 17
\BOOKMARK [0][]{chapter*.4}{Index of abbreviations}{}% 18
\BOOKMARK [0][]{chapter*.5}{Abbildungsverzeichnis}{}% 19
\BOOKMARK [0][]{chapter*.6}{Tabellenverzeichnis}{}% 20
\BOOKMARK [0][]{chapter*.7}{Listings}{}% 21
